
> dymnds-web@0.1.0 dev
> next dev

▲ Next.js 16.1.6 (Turbopack)
- Local:         http://localhost:3000
- Network:       http://192.168.1.52:3000
- Environments: .env.local

✓ Starting...
⚠ The "middleware" file convention is deprecated. Please use "proxy" instead. Learn more: https://nextjs.org/docs/messages/middleware-to-proxy
✓ Ready in 397ms
[DYMNDS] Missing env vars (non-fatal in dev):
  - NEXT_PUBLIC_FIREBASE_API_KEY
  - NEXT_PUBLIC_FIREBASE_AUTH_DOMAIN
  - NEXT_PUBLIC_FIREBASE_PROJECT_ID
  - NEXT_PUBLIC_FIREBASE_STORAGE_BUCKET
  - NEXT_PUBLIC_FIREBASE_MESSAGING_SENDER_ID
  - NEXT_PUBLIC_FIREBASE_APP_ID
[DYMNDS] FIREBASE_SERVICE_ACCOUNT_KEY not set (non-fatal in dev). Server-side Firestore operations will fail until configured.
[DYMNDS] STRIPE_SECRET_KEY not set (non-fatal in dev). Checkout will fail until configured.
[DYMNDS] STRIPE_WEBHOOK_SECRET not set (non-fatal in dev). Webhook processing will fail until configured.
[DYMNDS] NEXT_PUBLIC_APP_URL not set (non-fatal in dev). Stripe checkout redirects will use undefined URLs.
[DYMNDS] EXCHANGE_RATE_API_KEY not set. Currency conversion will use fallback rates that may drift from real values.
[2026-02-11T07:13:18.405Z]  @firebase/firestore: Firestore (12.8.0): GrpcConnection RPC 'Listen' stream 0x3324cc91 error. Code: 3 Message: 3 INVALID_ARGUMENT: Invalid resource field value in the request.
[2026-02-11T07:13:18.408Z]  @firebase/firestore: Firestore (12.8.0): Could not reach Cloud Firestore backend. Connection failed 1 times. Most recent error: FirebaseError: [code=invalid-argument]: 3 INVALID_ARGUMENT: Invalid resource field value in the request.
This typically indicates that your device does not have a healthy Internet connection at the moment. The client will operate in offline mode until it is able to successfully connect to the backend.
 GET / 200 in 2.5s (compile: 2.0s, proxy.ts: 45ms, render: 408ms)
[2026-02-11T08:13:18.562Z]  @firebase/firestore: Firestore (12.8.0): GrpcConnection RPC 'Listen' stream 0x3324cc92 error. Code: 2 Message: 2 UNKNOWN: 408:Request Timeout
 GET / 200 in 38ms (compile: 4ms, proxy.ts: 5ms, render: 29ms)
[2026-02-11T08:14:07.534Z]  @firebase/firestore: Firestore (12.8.0): GrpcConnection RPC 'Listen' stream 0x3324cc93 error. Code: 3 Message: 3 INVALID_ARGUMENT: Invalid resource field value in the request.
Persisting failed: Unable to write SST file 00000028.sst

Caused by:
    No such file or directory (os error 2)
